This file contains any messages produced by compilers while
running configure, to aid debugging if configure makes a mistake.

It was created by mfcuk configure 0.3.4, which was
generated by GNU Autoconf 2.69.  Invocation command line was

  $ ./configure LDFLAGS=-L/usr/local/lib PKG_CONFIG_PATH=/usr/local/lib/pkgconfig

## --------- ##
## Platform. ##
## --------- ##

hostname = Box.local
uname -m = x86_64
uname -r = 12.2.0
uname -s = Darwin
uname -v = Darwin Kernel Version 12.2.0: Sat Aug 25 00:48:52 PDT 2012; root:xnu-2050.18.24~1/RELEASE_X86_64

/usr/bin/uname -p = i386
/bin/uname -X     = unknown

/bin/arch              = unknown
/usr/bin/arch -k       = unknown
/usr/convex/getsysinfo = unknown
/usr/bin/hostinfo      = Mach kernel version:
	 Darwin Kernel Version 12.2.0: Sat Aug 25 00:48:52 PDT 2012; root:xnu-2050.18.24~1/RELEASE_X86_64
Kernel configured for up to 4 processors.
2 processors are physically available.
4 processors are logically available.
Processor type: i486 (Intel 80486)
Processors active: 0 1 2 3
Primary memory available: 4.00 gigabytes
Default processor set: 126 tasks, 712 threads, 4 processors
Load average: 3.01, Mach factor: 1.88
/bin/machine           = unknown
/usr/bin/oslevel       = unknown
/bin/universe          = unknown

PATH: /opt/local/bin
PATH: /opt/local/sbin
PATH: /usr/bin
PATH: /bin
PATH: /usr/sbin
PATH: /sbin
PATH: /usr/local/bin
PATH: /usr/local/git/bin
PATH: /Applications/Android/android-sdk-mac_x86/platform-tools/
PATH: /Applications/Android/android-sdk-mac_x86/tools/
PATH: /Applications/Android/android-ndk-r7


## ----------- ##
## Core tests. ##
## ----------- ##

configure:2320: checking for gcc
configure:2336: found /usr/bin/gcc
configure:2347: result: gcc
configure:2576: checking for C compiler version
configure:2585: gcc --version >&5
i686-apple-darwin11-llvm-gcc-4.2 (GCC) 4.2.1 (Based on Apple Inc. build 5658) (LLVM build 2336.11.00)
Copyright (C) 2007 Free Software Foundation, Inc.
This is free software; see the source for copying conditions.  There is NO
warranty; not even for MERCHANTABILITY or FITNESS FOR A PARTICULAR PURPOSE.

configure:2596: $? = 0
configure:2585: gcc -v >&5
Using built-in specs.
Target: i686-apple-darwin11
Configured with: /private/var/tmp/llvmgcc42/llvmgcc42-2336.11~28/src/configure --disable-checking --enable-werror --prefix=/Applications/Xcode.app/Contents/Developer/usr/llvm-gcc-4.2 --mandir=/share/man --enable-languages=c,objc,c++,obj-c++ --program-prefix=llvm- --program-transform-name=/^[cg][^.-]*$/s/$/-4.2/ --with-slibdir=/usr/lib --build=i686-apple-darwin11 --enable-llvm=/private/var/tmp/llvmgcc42/llvmgcc42-2336.11~28/dst-llvmCore/Developer/usr/local --program-prefix=i686-apple-darwin11- --host=x86_64-apple-darwin11 --target=i686-apple-darwin11 --with-gxx-include-dir=/usr/include/c++/4.2.1
Thread model: posix
gcc version 4.2.1 (Based on Apple Inc. build 5658) (LLVM build 2336.11.00)
configure:2596: $? = 0
configure:2585: gcc -V >&5
llvm-gcc-4.2: argument to `-V' is missing
configure:2596: $? = 1
configure:2585: gcc -qversion >&5
i686-apple-darwin11-llvm-gcc-4.2: no input files
configure:2596: $? = 1
configure:2616: checking whether the C compiler works
configure:2638: gcc   -L/usr/local/lib conftest.c  >&5
configure:2642: $? = 0
configure:2690: result: yes
configure:2693: checking for C compiler default output file name
configure:2695: result: a.out
configure:2701: checking for suffix of executables
configure:2708: gcc -o conftest   -L/usr/local/lib conftest.c  >&5
configure:2712: $? = 0
configure:2734: result: 
configure:2756: checking whether we are cross compiling
configure:2764: gcc -o conftest   -L/usr/local/lib conftest.c  >&5
configure:2768: $? = 0
configure:2775: ./conftest
configure:2779: $? = 0
configure:2794: result: no
configure:2799: checking for suffix of object files
configure:2821: gcc -c   conftest.c >&5
configure:2825: $? = 0
configure:2846: result: o
configure:2850: checking whether we are using the GNU C compiler
configure:2869: gcc -c   conftest.c >&5
configure:2869: $? = 0
configure:2878: result: yes
configure:2887: checking whether gcc accepts -g
configure:2907: gcc -c -g  conftest.c >&5
configure:2907: $? = 0
configure:2948: result: yes
configure:2965: checking for gcc option to accept ISO C89
configure:3028: gcc  -c -g -O2  conftest.c >&5
configure:3028: $? = 0
configure:3041: result: none needed
configure:3110: checking for a BSD-compatible install
configure:3178: result: /usr/bin/install -c
configure:3189: checking whether build environment is sane
configure:3244: result: yes
configure:3395: checking for a thread-safe mkdir -p
configure:3434: result: ./install-sh -c -d
configure:3441: checking for gawk
configure:3457: found /opt/local/bin/gawk
configure:3468: result: gawk
configure:3479: checking whether make sets $(MAKE)
configure:3501: result: yes
configure:3531: checking for style of include used by make
configure:3559: result: GNU
configure:3651: checking dependency style of gcc
configure:3762: result: gcc3
configure:3790: checking whether make supports nested variables
configure:3807: result: yes
configure:3875: checking for pkg-config
configure:3893: found /opt/local/bin/pkg-config
configure:3905: result: /opt/local/bin/pkg-config
configure:3930: checking pkg-config is at least version 0.9.0
configure:3933: result: yes
configure:3943: checking for libnfc
configure:3950: $PKG_CONFIG --exists --print-errors "libnfc >= $LIBNFC_REQUIRED_VERSION"
configure:3953: $? = 0
configure:3967: $PKG_CONFIG --exists --print-errors "libnfc >= $LIBNFC_REQUIRED_VERSION"
configure:3970: $? = 0
configure:4008: result: yes
configure:4018: checking for inline
configure:4034: gcc -c -g -O2  conftest.c >&5
configure:4034: $? = 0
configure:4042: result: inline
configure:4065: checking how to run the C preprocessor
configure:4096: gcc -E  conftest.c
configure:4096: $? = 0
configure:4110: gcc -E  conftest.c
conftest.c:11:28: error: ac_nonexistent.h: No such file or directory
configure:4110: $? = 1
configure: failed program was:
| /* confdefs.h */
| #define PACKAGE_NAME "mfcuk"
| #define PACKAGE_TARNAME "mfcuk"
| #define PACKAGE_VERSION "0.3.4"
| #define PACKAGE_STRING "mfcuk 0.3.4"
| #define PACKAGE_BUGREPORT "zveriu@gmail.com"
| #define PACKAGE_URL ""
| #define PACKAGE "mfcuk"
| #define VERSION "0.3.4"
| /* end confdefs.h.  */
| #include <ac_nonexistent.h>
configure:4135: result: gcc -E
configure:4155: gcc -E  conftest.c
configure:4155: $? = 0
configure:4169: gcc -E  conftest.c
conftest.c:11:28: error: ac_nonexistent.h: No such file or directory
configure:4169: $? = 1
configure: failed program was:
| /* confdefs.h */
| #define PACKAGE_NAME "mfcuk"
| #define PACKAGE_TARNAME "mfcuk"
| #define PACKAGE_VERSION "0.3.4"
| #define PACKAGE_STRING "mfcuk 0.3.4"
| #define PACKAGE_BUGREPORT "zveriu@gmail.com"
| #define PACKAGE_URL ""
| #define PACKAGE "mfcuk"
| #define VERSION "0.3.4"
| /* end confdefs.h.  */
| #include <ac_nonexistent.h>
configure:4198: checking for grep that handles long lines and -e
configure:4256: result: /usr/bin/grep
configure:4261: checking for egrep
configure:4323: result: /usr/bin/grep -E
configure:4328: checking for ANSI C header files
configure:4348: gcc -c -g -O2  conftest.c >&5
configure:4348: $? = 0
configure:4421: gcc -o conftest -g -O2  -L/usr/local/lib conftest.c  >&5
configure:4421: $? = 0
configure:4421: ./conftest
configure:4421: $? = 0
configure:4432: result: yes
configure:4445: checking for sys/types.h
configure:4445: gcc -c -g -O2  conftest.c >&5
configure:4445: $? = 0
configure:4445: result: yes
configure:4445: checking for sys/stat.h
configure:4445: gcc -c -g -O2  conftest.c >&5
configure:4445: $? = 0
configure:4445: result: yes
configure:4445: checking for stdlib.h
configure:4445: gcc -c -g -O2  conftest.c >&5
configure:4445: $? = 0
configure:4445: result: yes
configure:4445: checking for string.h
configure:4445: gcc -c -g -O2  conftest.c >&5
configure:4445: $? = 0
configure:4445: result: yes
configure:4445: checking for memory.h
configure:4445: gcc -c -g -O2  conftest.c >&5
configure:4445: $? = 0
configure:4445: result: yes
configure:4445: checking for strings.h
configure:4445: gcc -c -g -O2  conftest.c >&5
configure:4445: $? = 0
configure:4445: result: yes
configure:4445: checking for inttypes.h
configure:4445: gcc -c -g -O2  conftest.c >&5
configure:4445: $? = 0
configure:4445: result: yes
configure:4445: checking for stdint.h
configure:4445: gcc -c -g -O2  conftest.c >&5
configure:4445: $? = 0
configure:4445: result: yes
configure:4445: checking for unistd.h
configure:4445: gcc -c -g -O2  conftest.c >&5
configure:4445: $? = 0
configure:4445: result: yes
configure:4457: checking for stdbool.h that conforms to C99
configure:4524: gcc -c -g -O2  conftest.c >&5
configure:4524: $? = 0
configure:4531: result: yes
configure:4533: checking for _Bool
configure:4533: gcc -c -g -O2  conftest.c >&5
configure:4533: $? = 0
configure:4533: gcc -c -g -O2  conftest.c >&5
conftest.c: In function 'main':
conftest.c:57: error: expected expression before ')' token
configure:4533: $? = 1
configure: failed program was:
| /* confdefs.h */
| #define PACKAGE_NAME "mfcuk"
| #define PACKAGE_TARNAME "mfcuk"
| #define PACKAGE_VERSION "0.3.4"
| #define PACKAGE_STRING "mfcuk 0.3.4"
| #define PACKAGE_BUGREPORT "zveriu@gmail.com"
| #define PACKAGE_URL ""
| #define PACKAGE "mfcuk"
| #define VERSION "0.3.4"
| #define STDC_HEADERS 1
| #define HAVE_SYS_TYPES_H 1
| #define HAVE_SYS_STAT_H 1
| #define HAVE_STDLIB_H 1
| #define HAVE_STRING_H 1
| #define HAVE_MEMORY_H 1
| #define HAVE_STRINGS_H 1
| #define HAVE_INTTYPES_H 1
| #define HAVE_STDINT_H 1
| #define HAVE_UNISTD_H 1
| /* end confdefs.h.  */
| #include <stdio.h>
| #ifdef HAVE_SYS_TYPES_H
| # include <sys/types.h>
| #endif
| #ifdef HAVE_SYS_STAT_H
| # include <sys/stat.h>
| #endif
| #ifdef STDC_HEADERS
| # include <stdlib.h>
| # include <stddef.h>
| #else
| # ifdef HAVE_STDLIB_H
| #  include <stdlib.h>
| # endif
| #endif
| #ifdef HAVE_STRING_H
| # if !defined STDC_HEADERS && defined HAVE_MEMORY_H
| #  include <memory.h>
| # endif
| # include <string.h>
| #endif
| #ifdef HAVE_STRINGS_H
| # include <strings.h>
| #endif
| #ifdef HAVE_INTTYPES_H
| # include <inttypes.h>
| #endif
| #ifdef HAVE_STDINT_H
| # include <stdint.h>
| #endif
| #ifdef HAVE_UNISTD_H
| # include <unistd.h>
| #endif
| int
| main ()
| {
| if (sizeof ((_Bool)))
| 	    return 0;
|   ;
|   return 0;
| }
configure:4533: result: yes
configure:4550: checking for size_t
configure:4550: gcc -c -g -O2  conftest.c >&5
configure:4550: $? = 0
configure:4550: gcc -c -g -O2  conftest.c >&5
conftest.c: In function 'main':
conftest.c:59: error: expected expression before ')' token
configure:4550: $? = 1
configure: failed program was:
| /* confdefs.h */
| #define PACKAGE_NAME "mfcuk"
| #define PACKAGE_TARNAME "mfcuk"
| #define PACKAGE_VERSION "0.3.4"
| #define PACKAGE_STRING "mfcuk 0.3.4"
| #define PACKAGE_BUGREPORT "zveriu@gmail.com"
| #define PACKAGE_URL ""
| #define PACKAGE "mfcuk"
| #define VERSION "0.3.4"
| #define STDC_HEADERS 1
| #define HAVE_SYS_TYPES_H 1
| #define HAVE_SYS_STAT_H 1
| #define HAVE_STDLIB_H 1
| #define HAVE_STRING_H 1
| #define HAVE_MEMORY_H 1
| #define HAVE_STRINGS_H 1
| #define HAVE_INTTYPES_H 1
| #define HAVE_STDINT_H 1
| #define HAVE_UNISTD_H 1
| #define HAVE__BOOL 1
| #define HAVE_STDBOOL_H 1
| /* end confdefs.h.  */
| #include <stdio.h>
| #ifdef HAVE_SYS_TYPES_H
| # include <sys/types.h>
| #endif
| #ifdef HAVE_SYS_STAT_H
| # include <sys/stat.h>
| #endif
| #ifdef STDC_HEADERS
| # include <stdlib.h>
| # include <stddef.h>
| #else
| # ifdef HAVE_STDLIB_H
| #  include <stdlib.h>
| # endif
| #endif
| #ifdef HAVE_STRING_H
| # if !defined STDC_HEADERS && defined HAVE_MEMORY_H
| #  include <memory.h>
| # endif
| # include <string.h>
| #endif
| #ifdef HAVE_STRINGS_H
| # include <strings.h>
| #endif
| #ifdef HAVE_INTTYPES_H
| # include <inttypes.h>
| #endif
| #ifdef HAVE_STDINT_H
| # include <stdint.h>
| #endif
| #ifdef HAVE_UNISTD_H
| # include <unistd.h>
| #endif
| int
| main ()
| {
| if (sizeof ((size_t)))
| 	    return 0;
|   ;
|   return 0;
| }
configure:4550: result: yes
configure:4561: checking for uint16_t
configure:4561: gcc -c -g -O2  conftest.c >&5
configure:4561: $? = 0
configure:4561: result: yes
configure:4573: checking for uint32_t
configure:4573: gcc -c -g -O2  conftest.c >&5
configure:4573: $? = 0
configure:4573: result: yes
configure:4587: checking for uint64_t
configure:4587: gcc -c -g -O2  conftest.c >&5
configure:4587: $? = 0
configure:4587: result: yes
configure:4601: checking for uint8_t
configure:4601: gcc -c -g -O2  conftest.c >&5
configure:4601: $? = 0
configure:4601: result: yes
configure:4619: checking for stdlib.h
configure:4619: result: yes
configure:4629: checking for GNU libc compatible malloc
configure:4653: gcc -o conftest -g -O2  -L/usr/local/lib conftest.c  >&5
configure:4653: $? = 0
configure:4653: ./conftest
configure:4653: $? = 0
configure:4663: result: yes
configure:4686: checking for stdlib.h
configure:4686: result: yes
configure:4696: checking for GNU libc compatible realloc
configure:4720: gcc -o conftest -g -O2  -L/usr/local/lib conftest.c  >&5
configure:4720: $? = 0
configure:4720: ./conftest
configure:4720: $? = 0
configure:4730: result: yes
configure:4754: checking sys/time.h usability
configure:4754: gcc -c -g -O2  conftest.c >&5
configure:4754: $? = 0
configure:4754: result: yes
configure:4754: checking sys/time.h presence
configure:4754: gcc -E  conftest.c
configure:4754: $? = 0
configure:4754: result: yes
configure:4754: checking for sys/time.h
configure:4754: result: yes
configure:4767: checking for memset
configure:4767: gcc -o conftest -g -O2  -L/usr/local/lib conftest.c  >&5
conftest.c:51: warning: conflicting types for built-in function 'memset'
configure:4767: $? = 0
configure:4767: result: yes
configure:4767: checking for strchr
configure:4767: gcc -o conftest -g -O2  -L/usr/local/lib conftest.c  >&5
conftest.c:52: warning: conflicting types for built-in function 'strchr'
configure:4767: $? = 0
configure:4767: result: yes
configure:4767: checking for strtoul
configure:4767: gcc -o conftest -g -O2  -L/usr/local/lib conftest.c  >&5
configure:4767: $? = 0
configure:4767: result: yes
configure:4781: checking endian.h usability
configure:4781: gcc -c -g -O2  conftest.c >&5
conftest.c:64:20: error: endian.h: No such file or directory
configure:4781: $? = 1
configure: failed program was:
| /* confdefs.h */
| #define PACKAGE_NAME "mfcuk"
| #define PACKAGE_TARNAME "mfcuk"
| #define PACKAGE_VERSION "0.3.4"
| #define PACKAGE_STRING "mfcuk 0.3.4"
| #define PACKAGE_BUGREPORT "zveriu@gmail.com"
| #define PACKAGE_URL ""
| #define PACKAGE "mfcuk"
| #define VERSION "0.3.4"
| #define STDC_HEADERS 1
| #define HAVE_SYS_TYPES_H 1
| #define HAVE_SYS_STAT_H 1
| #define HAVE_STDLIB_H 1
| #define HAVE_STRING_H 1
| #define HAVE_MEMORY_H 1
| #define HAVE_STRINGS_H 1
| #define HAVE_INTTYPES_H 1
| #define HAVE_STDINT_H 1
| #define HAVE_UNISTD_H 1
| #define HAVE__BOOL 1
| #define HAVE_STDBOOL_H 1
| #define HAVE_STDLIB_H 1
| #define HAVE_MALLOC 1
| #define HAVE_STDLIB_H 1
| #define HAVE_REALLOC 1
| #define HAVE_SYS_TIME_H 1
| #define HAVE_MEMSET 1
| #define HAVE_STRCHR 1
| #define HAVE_STRTOUL 1
| /* end confdefs.h.  */
| #include <stdio.h>
| #ifdef HAVE_SYS_TYPES_H
| # include <sys/types.h>
| #endif
| #ifdef HAVE_SYS_STAT_H
| # include <sys/stat.h>
| #endif
| #ifdef STDC_HEADERS
| # include <stdlib.h>
| # include <stddef.h>
| #else
| # ifdef HAVE_STDLIB_H
| #  include <stdlib.h>
| # endif
| #endif
| #ifdef HAVE_STRING_H
| # if !defined STDC_HEADERS && defined HAVE_MEMORY_H
| #  include <memory.h>
| # endif
| # include <string.h>
| #endif
| #ifdef HAVE_STRINGS_H
| # include <strings.h>
| #endif
| #ifdef HAVE_INTTYPES_H
| # include <inttypes.h>
| #endif
| #ifdef HAVE_STDINT_H
| # include <stdint.h>
| #endif
| #ifdef HAVE_UNISTD_H
| # include <unistd.h>
| #endif
| #include <endian.h>
configure:4781: result: no
configure:4781: checking endian.h presence
configure:4781: gcc -E  conftest.c
conftest.c:31:20: error: endian.h: No such file or directory
configure:4781: $? = 1
configure: failed program was:
| /* confdefs.h */
| #define PACKAGE_NAME "mfcuk"
| #define PACKAGE_TARNAME "mfcuk"
| #define PACKAGE_VERSION "0.3.4"
| #define PACKAGE_STRING "mfcuk 0.3.4"
| #define PACKAGE_BUGREPORT "zveriu@gmail.com"
| #define PACKAGE_URL ""
| #define PACKAGE "mfcuk"
| #define VERSION "0.3.4"
| #define STDC_HEADERS 1
| #define HAVE_SYS_TYPES_H 1
| #define HAVE_SYS_STAT_H 1
| #define HAVE_STDLIB_H 1
| #define HAVE_STRING_H 1
| #define HAVE_MEMORY_H 1
| #define HAVE_STRINGS_H 1
| #define HAVE_INTTYPES_H 1
| #define HAVE_STDINT_H 1
| #define HAVE_UNISTD_H 1
| #define HAVE__BOOL 1
| #define HAVE_STDBOOL_H 1
| #define HAVE_STDLIB_H 1
| #define HAVE_MALLOC 1
| #define HAVE_STDLIB_H 1
| #define HAVE_REALLOC 1
| #define HAVE_SYS_TIME_H 1
| #define HAVE_MEMSET 1
| #define HAVE_STRCHR 1
| #define HAVE_STRTOUL 1
| /* end confdefs.h.  */
| #include <endian.h>
configure:4781: result: no
configure:4781: checking for endian.h
configure:4781: result: no
configure:4781: checking sys/endian.h usability
configure:4781: gcc -c -g -O2  conftest.c >&5
conftest.c:64:24: error: sys/endian.h: No such file or directory
configure:4781: $? = 1
configure: failed program was:
| /* confdefs.h */
| #define PACKAGE_NAME "mfcuk"
| #define PACKAGE_TARNAME "mfcuk"
| #define PACKAGE_VERSION "0.3.4"
| #define PACKAGE_STRING "mfcuk 0.3.4"
| #define PACKAGE_BUGREPORT "zveriu@gmail.com"
| #define PACKAGE_URL ""
| #define PACKAGE "mfcuk"
| #define VERSION "0.3.4"
| #define STDC_HEADERS 1
| #define HAVE_SYS_TYPES_H 1
| #define HAVE_SYS_STAT_H 1
| #define HAVE_STDLIB_H 1
| #define HAVE_STRING_H 1
| #define HAVE_MEMORY_H 1
| #define HAVE_STRINGS_H 1
| #define HAVE_INTTYPES_H 1
| #define HAVE_STDINT_H 1
| #define HAVE_UNISTD_H 1
| #define HAVE__BOOL 1
| #define HAVE_STDBOOL_H 1
| #define HAVE_STDLIB_H 1
| #define HAVE_MALLOC 1
| #define HAVE_STDLIB_H 1
| #define HAVE_REALLOC 1
| #define HAVE_SYS_TIME_H 1
| #define HAVE_MEMSET 1
| #define HAVE_STRCHR 1
| #define HAVE_STRTOUL 1
| /* end confdefs.h.  */
| #include <stdio.h>
| #ifdef HAVE_SYS_TYPES_H
| # include <sys/types.h>
| #endif
| #ifdef HAVE_SYS_STAT_H
| # include <sys/stat.h>
| #endif
| #ifdef STDC_HEADERS
| # include <stdlib.h>
| # include <stddef.h>
| #else
| # ifdef HAVE_STDLIB_H
| #  include <stdlib.h>
| # endif
| #endif
| #ifdef HAVE_STRING_H
| # if !defined STDC_HEADERS && defined HAVE_MEMORY_H
| #  include <memory.h>
| # endif
| # include <string.h>
| #endif
| #ifdef HAVE_STRINGS_H
| # include <strings.h>
| #endif
| #ifdef HAVE_INTTYPES_H
| # include <inttypes.h>
| #endif
| #ifdef HAVE_STDINT_H
| # include <stdint.h>
| #endif
| #ifdef HAVE_UNISTD_H
| # include <unistd.h>
| #endif
| #include <sys/endian.h>
configure:4781: result: no
configure:4781: checking sys/endian.h presence
configure:4781: gcc -E  conftest.c
conftest.c:31:24: error: sys/endian.h: No such file or directory
configure:4781: $? = 1
configure: failed program was:
| /* confdefs.h */
| #define PACKAGE_NAME "mfcuk"
| #define PACKAGE_TARNAME "mfcuk"
| #define PACKAGE_VERSION "0.3.4"
| #define PACKAGE_STRING "mfcuk 0.3.4"
| #define PACKAGE_BUGREPORT "zveriu@gmail.com"
| #define PACKAGE_URL ""
| #define PACKAGE "mfcuk"
| #define VERSION "0.3.4"
| #define STDC_HEADERS 1
| #define HAVE_SYS_TYPES_H 1
| #define HAVE_SYS_STAT_H 1
| #define HAVE_STDLIB_H 1
| #define HAVE_STRING_H 1
| #define HAVE_MEMORY_H 1
| #define HAVE_STRINGS_H 1
| #define HAVE_INTTYPES_H 1
| #define HAVE_STDINT_H 1
| #define HAVE_UNISTD_H 1
| #define HAVE__BOOL 1
| #define HAVE_STDBOOL_H 1
| #define HAVE_STDLIB_H 1
| #define HAVE_MALLOC 1
| #define HAVE_STDLIB_H 1
| #define HAVE_REALLOC 1
| #define HAVE_SYS_TIME_H 1
| #define HAVE_MEMSET 1
| #define HAVE_STRCHR 1
| #define HAVE_STRTOUL 1
| /* end confdefs.h.  */
| #include <sys/endian.h>
configure:4781: result: no
configure:4781: checking for sys/endian.h
configure:4781: result: no
configure:4781: checking CoreFoundation/CoreFoundation.h usability
configure:4781: gcc -c -g -O2  conftest.c >&5
configure:4781: $? = 0
configure:4781: result: yes
configure:4781: checking CoreFoundation/CoreFoundation.h presence
configure:4781: gcc -E  conftest.c
configure:4781: $? = 0
configure:4781: result: yes
configure:4781: checking for CoreFoundation/CoreFoundation.h
configure:4781: result: yes
configure:4797: checking byteswap.h usability
configure:4797: gcc -c -g -O2  conftest.c >&5
conftest.c:65:22: error: byteswap.h: No such file or directory
configure:4797: $? = 1
configure: failed program was:
| /* confdefs.h */
| #define PACKAGE_NAME "mfcuk"
| #define PACKAGE_TARNAME "mfcuk"
| #define PACKAGE_VERSION "0.3.4"
| #define PACKAGE_STRING "mfcuk 0.3.4"
| #define PACKAGE_BUGREPORT "zveriu@gmail.com"
| #define PACKAGE_URL ""
| #define PACKAGE "mfcuk"
| #define VERSION "0.3.4"
| #define STDC_HEADERS 1
| #define HAVE_SYS_TYPES_H 1
| #define HAVE_SYS_STAT_H 1
| #define HAVE_STDLIB_H 1
| #define HAVE_STRING_H 1
| #define HAVE_MEMORY_H 1
| #define HAVE_STRINGS_H 1
| #define HAVE_INTTYPES_H 1
| #define HAVE_STDINT_H 1
| #define HAVE_UNISTD_H 1
| #define HAVE__BOOL 1
| #define HAVE_STDBOOL_H 1
| #define HAVE_STDLIB_H 1
| #define HAVE_MALLOC 1
| #define HAVE_STDLIB_H 1
| #define HAVE_REALLOC 1
| #define HAVE_SYS_TIME_H 1
| #define HAVE_MEMSET 1
| #define HAVE_STRCHR 1
| #define HAVE_STRTOUL 1
| #define HAVE_COREFOUNDATION_COREFOUNDATION_H 1
| /* end confdefs.h.  */
| #include <stdio.h>
| #ifdef HAVE_SYS_TYPES_H
| # include <sys/types.h>
| #endif
| #ifdef HAVE_SYS_STAT_H
| # include <sys/stat.h>
| #endif
| #ifdef STDC_HEADERS
| # include <stdlib.h>
| # include <stddef.h>
| #else
| # ifdef HAVE_STDLIB_H
| #  include <stdlib.h>
| # endif
| #endif
| #ifdef HAVE_STRING_H
| # if !defined STDC_HEADERS && defined HAVE_MEMORY_H
| #  include <memory.h>
| # endif
| # include <string.h>
| #endif
| #ifdef HAVE_STRINGS_H
| # include <strings.h>
| #endif
| #ifdef HAVE_INTTYPES_H
| # include <inttypes.h>
| #endif
| #ifdef HAVE_STDINT_H
| # include <stdint.h>
| #endif
| #ifdef HAVE_UNISTD_H
| # include <unistd.h>
| #endif
| #include <byteswap.h>
configure:4797: result: no
configure:4797: checking byteswap.h presence
configure:4797: gcc -E  conftest.c
conftest.c:32:22: error: byteswap.h: No such file or directory
configure:4797: $? = 1
configure: failed program was:
| /* confdefs.h */
| #define PACKAGE_NAME "mfcuk"
| #define PACKAGE_TARNAME "mfcuk"
| #define PACKAGE_VERSION "0.3.4"
| #define PACKAGE_STRING "mfcuk 0.3.4"
| #define PACKAGE_BUGREPORT "zveriu@gmail.com"
| #define PACKAGE_URL ""
| #define PACKAGE "mfcuk"
| #define VERSION "0.3.4"
| #define STDC_HEADERS 1
| #define HAVE_SYS_TYPES_H 1
| #define HAVE_SYS_STAT_H 1
| #define HAVE_STDLIB_H 1
| #define HAVE_STRING_H 1
| #define HAVE_MEMORY_H 1
| #define HAVE_STRINGS_H 1
| #define HAVE_INTTYPES_H 1
| #define HAVE_STDINT_H 1
| #define HAVE_UNISTD_H 1
| #define HAVE__BOOL 1
| #define HAVE_STDBOOL_H 1
| #define HAVE_STDLIB_H 1
| #define HAVE_MALLOC 1
| #define HAVE_STDLIB_H 1
| #define HAVE_REALLOC 1
| #define HAVE_SYS_TIME_H 1
| #define HAVE_MEMSET 1
| #define HAVE_STRCHR 1
| #define HAVE_STRTOUL 1
| #define HAVE_COREFOUNDATION_COREFOUNDATION_H 1
| /* end confdefs.h.  */
| #include <byteswap.h>
configure:4797: result: no
configure:4797: checking for byteswap.h
configure:4797: result: no
configure:4926: checking that generated files are newer than configure
configure:4932: result: done
configure:4955: creating ./config.status

## ---------------------- ##
## Running config.status. ##
## ---------------------- ##

This file was extended by mfcuk config.status 0.3.4, which was
generated by GNU Autoconf 2.69.  Invocation command line was

  CONFIG_FILES    = 
  CONFIG_HEADERS  = 
  CONFIG_LINKS    = 
  CONFIG_COMMANDS = 
  $ ./config.status 

on Box.local

config.status:871: creating Makefile
config.status:871: creating src/Makefile
config.status:871: creating config.h
config.status:1100: executing depfiles commands

## ---------------- ##
## Cache variables. ##
## ---------------- ##

ac_cv_c_compiler_gnu=yes
ac_cv_c_inline=inline
ac_cv_c_uint16_t=yes
ac_cv_c_uint32_t=yes
ac_cv_c_uint64_t=yes
ac_cv_c_uint8_t=yes
ac_cv_env_CC_set=
ac_cv_env_CC_value=
ac_cv_env_CFLAGS_set=
ac_cv_env_CFLAGS_value=
ac_cv_env_CPPFLAGS_set=
ac_cv_env_CPPFLAGS_value=
ac_cv_env_CPP_set=
ac_cv_env_CPP_value=
ac_cv_env_LDFLAGS_set=set
ac_cv_env_LDFLAGS_value=-L/usr/local/lib
ac_cv_env_LIBS_set=
ac_cv_env_LIBS_value=
ac_cv_env_PKG_CONFIG_LIBDIR_set=
ac_cv_env_PKG_CONFIG_LIBDIR_value=
ac_cv_env_PKG_CONFIG_PATH_set=set
ac_cv_env_PKG_CONFIG_PATH_value=/usr/local/lib/pkgconfig
ac_cv_env_PKG_CONFIG_set=
ac_cv_env_PKG_CONFIG_value=
ac_cv_env_build_alias_set=
ac_cv_env_build_alias_value=
ac_cv_env_host_alias_set=
ac_cv_env_host_alias_value=
ac_cv_env_libnfc_CFLAGS_set=
ac_cv_env_libnfc_CFLAGS_value=
ac_cv_env_libnfc_LIBS_set=
ac_cv_env_libnfc_LIBS_value=
ac_cv_env_target_alias_set=
ac_cv_env_target_alias_value=
ac_cv_func_malloc_0_nonnull=yes
ac_cv_func_memset=yes
ac_cv_func_realloc_0_nonnull=yes
ac_cv_func_strchr=yes
ac_cv_func_strtoul=yes
ac_cv_header_CoreFoundation_CoreFoundation_h=yes
ac_cv_header_byteswap_h=no
ac_cv_header_endian_h=no
ac_cv_header_inttypes_h=yes
ac_cv_header_memory_h=yes
ac_cv_header_stdbool_h=yes
ac_cv_header_stdc=yes
ac_cv_header_stdint_h=yes
ac_cv_header_stdlib_h=yes
ac_cv_header_string_h=yes
ac_cv_header_strings_h=yes
ac_cv_header_sys_endian_h=no
ac_cv_header_sys_stat_h=yes
ac_cv_header_sys_time_h=yes
ac_cv_header_sys_types_h=yes
ac_cv_header_unistd_h=yes
ac_cv_objext=o
ac_cv_path_EGREP='/usr/bin/grep -E'
ac_cv_path_GREP=/usr/bin/grep
ac_cv_path_ac_pt_PKG_CONFIG=/opt/local/bin/pkg-config
ac_cv_path_install='/usr/bin/install -c'
ac_cv_prog_AWK=gawk
ac_cv_prog_CPP='gcc -E'
ac_cv_prog_ac_ct_CC=gcc
ac_cv_prog_cc_c89=
ac_cv_prog_cc_g=yes
ac_cv_prog_make_make_set=yes
ac_cv_type__Bool=yes
ac_cv_type_size_t=yes
am_cv_CC_dependencies_compiler_type=gcc3
am_cv_make_support_nested_variables=yes
pkg_cv_libnfc_CFLAGS='-I/usr/local/include  '
pkg_cv_libnfc_LIBS='-L/usr/local/lib -lnfc  '

## ----------------- ##
## Output variables. ##
## ----------------- ##

ACLOCAL='${SHELL} /Users/Ju/Documents/Hack/NFC/workspace/mfcuk-read-only/missing --run aclocal-1.12'
AMDEPBACKSLASH='\'
AMDEP_FALSE='#'
AMDEP_TRUE=''
AMTAR='$${TAR-tar}'
AM_BACKSLASH='\'
AM_DEFAULT_V='$(AM_DEFAULT_VERBOSITY)'
AM_DEFAULT_VERBOSITY='0'
AM_V='$(V)'
AUTOCONF='${SHELL} /Users/Ju/Documents/Hack/NFC/workspace/mfcuk-read-only/missing --run autoconf'
AUTOHEADER='${SHELL} /Users/Ju/Documents/Hack/NFC/workspace/mfcuk-read-only/missing --run autoheader'
AUTOMAKE='${SHELL} /Users/Ju/Documents/Hack/NFC/workspace/mfcuk-read-only/missing --run automake-1.12'
AWK='gawk'
CC='gcc'
CCDEPMODE='depmode=gcc3'
CFLAGS='-g -O2 -Wall -pedantic -Wextra -std=c99'
CPP='gcc -E'
CPPFLAGS=''
CYGPATH_W='echo'
DEFS='-DHAVE_CONFIG_H'
DEPDIR='.deps'
ECHO_C='\c'
ECHO_N=''
ECHO_T=''
EGREP='/usr/bin/grep -E'
EXEEXT=''
GREP='/usr/bin/grep'
INSTALL_DATA='${INSTALL} -m 644'
INSTALL_PROGRAM='${INSTALL}'
INSTALL_SCRIPT='${INSTALL}'
INSTALL_STRIP_PROGRAM='$(install_sh) -c -s'
LDFLAGS='-L/usr/local/lib'
LIBOBJS=''
LIBS=''
LTLIBOBJS=''
MAKEINFO='${SHELL} /Users/Ju/Documents/Hack/NFC/workspace/mfcuk-read-only/missing --run makeinfo'
MKDIR_P='./install-sh -c -d'
OBJEXT='o'
PACKAGE='mfcuk'
PACKAGE_BUGREPORT='zveriu@gmail.com'
PACKAGE_NAME='mfcuk'
PACKAGE_STRING='mfcuk 0.3.4'
PACKAGE_TARNAME='mfcuk'
PACKAGE_URL=''
PACKAGE_VERSION='0.3.4'
PATH_SEPARATOR=':'
PKG_CONFIG='/opt/local/bin/pkg-config'
PKG_CONFIG_LIBDIR=''
PKG_CONFIG_PATH='/usr/local/lib/pkgconfig'
PKG_CONFIG_REQUIRES='libnfc'
SET_MAKE=''
SHELL='/bin/sh'
STRIP=''
VERSION='0.3.4'
ac_ct_CC='gcc'
am__EXEEXT_FALSE=''
am__EXEEXT_TRUE='#'
am__fastdepCC_FALSE='#'
am__fastdepCC_TRUE=''
am__include='include'
am__isrc=''
am__leading_dot='.'
am__nodep='_no'
am__quote=''
am__tar='$${TAR-tar} chof - "$$tardir"'
am__untar='$${TAR-tar} xf -'
bindir='${exec_prefix}/bin'
build_alias=''
datadir='${datarootdir}'
datarootdir='${prefix}/share'
docdir='${datarootdir}/doc/${PACKAGE_TARNAME}'
dvidir='${docdir}'
exec_prefix='${prefix}'
host_alias=''
htmldir='${docdir}'
includedir='${prefix}/include'
infodir='${datarootdir}/info'
install_sh='${SHELL} /Users/Ju/Documents/Hack/NFC/workspace/mfcuk-read-only/install-sh'
libdir='${exec_prefix}/lib'
libexecdir='${exec_prefix}/libexec'
libnfc_CFLAGS='-I/usr/local/include  '
libnfc_LIBS='-L/usr/local/lib -lnfc  '
localedir='${datarootdir}/locale'
localstatedir='${prefix}/var'
mandir='${datarootdir}/man'
mkdir_p='$(MKDIR_P)'
oldincludedir='/usr/include'
pdfdir='${docdir}'
prefix='/usr/local'
program_transform_name='s,x,x,'
psdir='${docdir}'
sbindir='${exec_prefix}/sbin'
sharedstatedir='${prefix}/com'
sysconfdir='${prefix}/etc'
target_alias=''

## ----------- ##
## confdefs.h. ##
## ----------- ##

/* confdefs.h */
#define PACKAGE_NAME "mfcuk"
#define PACKAGE_TARNAME "mfcuk"
#define PACKAGE_VERSION "0.3.4"
#define PACKAGE_STRING "mfcuk 0.3.4"
#define PACKAGE_BUGREPORT "zveriu@gmail.com"
#define PACKAGE_URL ""
#define PACKAGE "mfcuk"
#define VERSION "0.3.4"
#define STDC_HEADERS 1
#define HAVE_SYS_TYPES_H 1
#define HAVE_SYS_STAT_H 1
#define HAVE_STDLIB_H 1
#define HAVE_STRING_H 1
#define HAVE_MEMORY_H 1
#define HAVE_STRINGS_H 1
#define HAVE_INTTYPES_H 1
#define HAVE_STDINT_H 1
#define HAVE_UNISTD_H 1
#define HAVE__BOOL 1
#define HAVE_STDBOOL_H 1
#define HAVE_STDLIB_H 1
#define HAVE_MALLOC 1
#define HAVE_STDLIB_H 1
#define HAVE_REALLOC 1
#define HAVE_SYS_TIME_H 1
#define HAVE_MEMSET 1
#define HAVE_STRCHR 1
#define HAVE_STRTOUL 1
#define HAVE_COREFOUNDATION_COREFOUNDATION_H 1
#define _XOPEN_SOURCE 600

configure: exit 0
